<?xml version="1.0" encoding="UTF-8"?>
<!-- Generated by org.testng.reporters.JUnitXMLReporter -->
<testsuite ignored="0" hostname="LAPTOP-8MU8RT9O" failures="0" tests="3" name="Test" time="0.525" errors="0" timestamp="2024-03-29T10:48:17 IST">
  <testcase classname="pom.Automationtalks.demoProject1.TestClass1" name="@BeforeMethod launchDriver" time="0.467">
    <failure type="org.openqa.selenium.SessionNotCreatedException" message="Could not start a new session. Possible causes are invalid address of the remote server or browser start-up failure. 
Host info: host: &amp;apos;LAPTOP-8MU8RT9O&amp;apos;, ip: &amp;apos;192.168.11.1&amp;apos;
Build info: version: &amp;apos;4.16.1&amp;apos;, revision: &amp;apos;9b4c83354e&amp;apos;
System info: os.name: &amp;apos;Windows 10&amp;apos;, os.arch: &amp;apos;amd64&amp;apos;, os.version: &amp;apos;10.0&amp;apos;, java.version: &amp;apos;18.0.1.1&amp;apos;
Driver info: org.openqa.selenium.chrome.ChromeDriver
Command: [null, newSession {capabilities=[Capabilities {browserName: chrome, goog:chromeOptions: {args: [], extensions: []}}]}]">
      <![CDATA[org.openqa.selenium.SessionNotCreatedException: Could not start a new session. Possible causes are invalid address of the remote server or browser start-up failure. 
Host info: host: 'LAPTOP-8MU8RT9O', ip: '192.168.11.1'
Build info: version: '4.16.1', revision: '9b4c83354e'
System info: os.name: 'Windows 10', os.arch: 'amd64', os.version: '10.0', java.version: '18.0.1.1'
Driver info: org.openqa.selenium.chrome.ChromeDriver
Command: [null, newSession {capabilities=[Capabilities {browserName: chrome, goog:chromeOptions: {args: [], extensions: []}}]}]
at org.openqa.selenium.remote.RemoteWebDriver.execute(RemoteWebDriver.java:541)
at org.openqa.selenium.remote.RemoteWebDriver.startSession(RemoteWebDriver.java:237)
at org.openqa.selenium.remote.RemoteWebDriver.<init>(RemoteWebDriver.java:164)
at org.openqa.selenium.chromium.ChromiumDriver.<init>(ChromiumDriver.java:114)
at org.openqa.selenium.chrome.ChromeDriver.<init>(ChromeDriver.java:89)
at org.openqa.selenium.chrome.ChromeDriver.<init>(ChromeDriver.java:84)
at org.openqa.selenium.chrome.ChromeDriver.<init>(ChromeDriver.java:52)
at pom.Automationtalks.demoProject1.TestClass1.launchDriver(TestClass1.java:22)
at java.base/java.util.ArrayList.forEach(ArrayList.java:1511)
Caused by: java.lang.NoSuchMethodError: 'void com.google.common.base.Throwables.throwIfUnchecked(java.lang.Throwable)'
at org.openqa.selenium.remote.service.DriverCommandExecutor.execute(DriverCommandExecutor.java:192)
at org.openqa.selenium.remote.RemoteWebDriver.execute(RemoteWebDriver.java:523)
... 37 more
... Removed 29 stack frames]]>
    </failure>
  </testcase> <!-- @BeforeMethod launchDriver -->
  <testcase classname="pom.Automationtalks.demoProject1.TestClass1" name="@AfterMethod quit" time="-1.711689497079E9">
    <skipped/>
  </testcase> <!-- @AfterMethod quit -->
  <testcase classname="pom.Automationtalks.demoProject1.TestClass1" name="@BeforeMethod launchDriver" time="-1.71168949708E9">
    <skipped/>
  </testcase> <!-- @BeforeMethod launchDriver -->
  <testcase classname="pom.Automationtalks.demoProject1.TestClass1" name="@AfterMethod quit" time="-1.711689497084E9">
    <skipped/>
  </testcase> <!-- @AfterMethod quit -->
  <testcase classname="pom.Automationtalks.demoProject1.TestClass1" name="@BeforeMethod launchDriver" time="-1.711689497085E9">
    <skipped/>
  </testcase> <!-- @BeforeMethod launchDriver -->
  <testcase classname="pom.Automationtalks.demoProject1.TestClass1" name="@AfterMethod quit" time="-1.71168949709E9">
    <skipped/>
  </testcase> <!-- @AfterMethod quit -->
  <testcase classname="pom.Automationtalks.demoProject1.TestClass1" name="Test1" time="0.0">
    <skipped/>
  </testcase> <!-- Test1 -->
  <testcase classname="pom.Automationtalks.demoProject1.TestClass1" name="Test2" time="0.0">
    <skipped/>
  </testcase> <!-- Test2 -->
  <testcase classname="pom.Automationtalks.demoProject1.TestClass1" name="Test3" time="0.0">
    <skipped/>
  </testcase> <!-- Test3 -->
</testsuite> <!-- Test -->
